Arguments: 
  /Users/suah/.nvm/versions/node/v14.3.0/bin/node /Users/suah/.yarn/bin/yarn.js open

PATH: 
  /Users/suah/PycharmProjects/WatchWeChatDownloads/venv/bin:/Users/suah/.local/bin:/usr/local/sbin:/Users/suah/.yarn/bin:/Users/suah/.config/yarn/global/node_modules/.bin:/Users/suah/.pyenv/shims:/Users/suah/.nvm/versions/node/v14.3.0/bin:/usr/local/bin:/usr/bin:/bin:/usr/sbin:/sbin:/Library/Apple/usr/bin:/Users/suah/.flutter/bin

Yarn version: 
  1.22.4

Node version: 
  14.3.0

Platform: 
  darwin x64

Trace: 
  SyntaxError: /Users/suah/PycharmProjects/WeChatDownloads/package.json: Unexpected token   in JSON at position 276
      at JSON.parse (<anonymous>)
      at /Users/suah/.yarn/lib/cli.js:1625:59
      at Generator.next (<anonymous>)
      at step (/Users/suah/.yarn/lib/cli.js:310:30)
      at /Users/suah/.yarn/lib/cli.js:321:13

npm manifest: 
  {
    "name": "wechat-downloads",
    "version": "1.0.0",
    "main": "index.js",
    "author": "James Lee <lee46james@gmail.com>",
    "license": "MIT",
    "scripts": {
      "clean": "rm -rf build dist",
      "build": "yarn clean && python setup.py py2app",
      "open": "open dist/WeChat\ Downloads.app/Contents/MacOS/WeChat\ WeChat\ Downloads.py"
    }
  }

yarn manifest: 
  No manifest

Lockfile: 
  No lockfile
